<?xml version="1.0" encoding="UTF-8"?>
<testsuites name="jest tests" tests="14" failures="0" errors="0" time="3.238">
  <testsuite name="Tests Sistema de barras de control" errors="0" failures="0" skipped="0" timestamp="2024-06-06T22:43:32" time="2.731" tests="10">
    <testcase classname="Tests Sistema de barras de control Prueba controlarTemperatura casoTemperatura&gt;330 Prueba controlarTemperatura casoTemperatura&gt;330" name="Tests Sistema de barras de control Prueba controlarTemperatura casoTemperatura&gt;330 Prueba controlarTemperatura casoTemperatura&gt;330" time="0.005">
    </testcase>
    <testcase classname="Tests Sistema de barras de control Prueba controlarTemperatura casoTemperatura=330 Prueba controlarTemperatura casoTemperatura=330" name="Tests Sistema de barras de control Prueba controlarTemperatura casoTemperatura=330 Prueba controlarTemperatura casoTemperatura=330" time="0.001">
    </testcase>
    <testcase classname="Tests Sistema de barras de control Prueba controlarTemperatura casoTemperatura&lt;330 Prueba controlarTemperatura casoTemperatura&lt;330" name="Tests Sistema de barras de control Prueba controlarTemperatura casoTemperatura&lt;330 Prueba controlarTemperatura casoTemperatura&lt;330" time="0.001">
    </testcase>
    <testcase classname="Tests Sistema de barras de control Pruba getPorcentajeProduccion cuando vida util=100 Pruba getPorcentajeProduccion cuando vida util=100" name="Tests Sistema de barras de control Pruba getPorcentajeProduccion cuando vida util=100 Pruba getPorcentajeProduccion cuando vida util=100" time="0.001">
    </testcase>
    <testcase classname="Tests Sistema de barras de control Pruba addBarra Pruba addBarra" name="Tests Sistema de barras de control Pruba addBarra Pruba addBarra" time="0.001">
    </testcase>
    <testcase classname="Tests Sistema de barras de control Prueba removeBarra, caso válido Prueba removeBarra, caso válido" name="Tests Sistema de barras de control Prueba removeBarra, caso válido Prueba removeBarra, caso válido" time="0.002">
    </testcase>
    <testcase classname="Tests Sistema de barras de control Prueba removeBarra, caso inválido Prueba removeBarra, caso inválido" name="Tests Sistema de barras de control Prueba removeBarra, caso inválido Prueba removeBarra, caso inválido" time="0.002">
    </testcase>
    <testcase classname="Tests Sistema de barras de control Prueba getBarraActual, caso válido Prueba getBarraActual, caso válido" name="Tests Sistema de barras de control Prueba getBarraActual, caso válido Prueba getBarraActual, caso válido" time="0.002">
    </testcase>
    <testcase classname="Tests Sistema de barras de control Prueba getBarraActual, caso inválido Prueba getBarraActual, caso inválido" name="Tests Sistema de barras de control Prueba getBarraActual, caso inválido Prueba getBarraActual, caso inválido" time="0.002">
    </testcase>
    <testcase classname="Tests Sistema de barras de control Prueba getEnergiaTermica Prueba getEnergiaTermica" name="Tests Sistema de barras de control Prueba getEnergiaTermica Prueba getEnergiaTermica" time="0.007">
    </testcase>
  </testsuite>
  <testsuite name="Tests barras de control" errors="0" failures="0" skipped="0" timestamp="2024-06-06T22:43:35" time="0.317" tests="4">
    <testcase classname="Tests barras de control Prueba setVidaUtil y getVidaUtil Prueba setVidaUtil y getVidaUtil" name="Tests barras de control Prueba setVidaUtil y getVidaUtil Prueba setVidaUtil y getVidaUtil" time="0.001">
    </testcase>
    <testcase classname="Tests barras de control Prueba controlarVidaUtil casoVidaUtil&gt;200 Prueba controlarVidaUtil casoVidaUtil&gt;200" name="Tests barras de control Prueba controlarVidaUtil casoVidaUtil&gt;200 Prueba controlarVidaUtil casoVidaUtil&gt;200" time="0.001">
    </testcase>
    <testcase classname="Tests barras de control Prueba controlarVidaUtil casoVidaUtil&lt;0 Prueba controlarVidaUtil casoVidaUtil&lt;0" name="Tests barras de control Prueba controlarVidaUtil casoVidaUtil&lt;0 Prueba controlarVidaUtil casoVidaUtil&lt;0" time="0.001">
    </testcase>
    <testcase classname="Tests barras de control Prueba desgaste barra vida util Prueba desgaste barra vida util" name="Tests barras de control Prueba desgaste barra vida util Prueba desgaste barra vida util" time="0.001">
    </testcase>
  </testsuite>
</testsuites>